<?xml version="1.0" encoding="UTF-8"?>
<!-- Generated by org.testng.reporters.JUnitReportReporter -->
<testsuite skipped="0" hostname="LAPTOP-4CCT83U9" name="loginTest.UdemyLogin" tests="1" failures="0" timestamp="27 Sep 2021 06:24:05 GMT" time="5.433" errors="0">
  <testcase name="doLogin" time="5.433" classname="loginTest.UdemyLogin"/>
</testsuite> <!-- loginTest.UdemyLogin -->
