<?xml version="1.0" encoding="UTF-8"?>
<!-- Generated by org.testng.reporters.JUnitReportReporter -->
<testsuite skipped="0" hostname="LAPTOP-4CCT83U9" name="loginTest.ComparisionTC" tests="1" failures="0" timestamp="27 Sep 2021 05:37:25 GMT" time="0.001" errors="0">
  <testcase name="f" time="0.001" classname="loginTest.ComparisionTC"/>
</testsuite> <!-- loginTest.ComparisionTC -->
