<?xml version="1.0" encoding="UTF-8"?>
<!-- Generated by org.testng.reporters.JUnitReportReporter -->
<testsuite skipped="0" hostname="LAPTOP-4CCT83U9" name="loginTest.AppTest" tests="2" failures="0" timestamp="27 Sep 2021 05:37:25 GMT" time="0.016" errors="0">
  <testcase name="validLoginTest" time="0.001" classname="loginTest.AppTest"/>
  <testcase name="InvalidLoginTest" time="0.015" classname="loginTest.AppTest"/>
</testsuite> <!-- loginTest.AppTest -->
