<?xml version="1.0" encoding="UTF-8"?>
<!-- Generated by org.testng.reporters.JUnitReportReporter -->
<testsuite hostname="LAPTOP-4CCT83U9" failures="0" tests="1" name="loginTest.ComparisionTC" time="0.000" errors="0" timestamp="27 Sep 2021 05:46:49 GMT" skipped="0">
  <testcase classname="loginTest.ComparisionTC" name="f" time="0.000"/>
</testsuite> <!-- loginTest.ComparisionTC -->
