<?xml version="1.0" encoding="UTF-8"?>
<!-- Generated by org.testng.reporters.JUnitReportReporter -->
<testsuite hostname="LAPTOP-4CCT83U9" failures="0" tests="2" name="loginTest.AppTest" time="0.059" errors="0" timestamp="27 Sep 2021 05:46:49 GMT" skipped="0">
  <testcase classname="loginTest.AppTest" name="InvalidLoginTest" time="0.059"/>
  <testcase classname="loginTest.AppTest" name="validLoginTest" time="0.000"/>
</testsuite> <!-- loginTest.AppTest -->
